<?xml version="1.0" encoding="UTF-8"?>
<testsuite name="co.com.udea.calidad.busquedaVuelosA.runners.ClientDeletionRunner" tests="0" skipped="0" failures="0" errors="0" timestamp="1970-01-01T00:00:00" hostname="SANTIAGO" time="0.0">
  <properties/>
  <system-out><![CDATA[]]></system-out>
  <system-err><![CDATA[[Test worker] INFO  - Test Suite Started: As a client, I want to delete my information from the system
[Test worker] INFO  - Test Suite Started: As a client, I want to delete my information from the system
]]></system-err>
</testsuite>
